<?xml version="1.0" encoding="UTF-8"?>
<!-- Generated by org.testng.reporters.JUnitReportReporter -->
<testsuite hostname="DESKTOP-161DN0S" name="tests.Module2" tests="2" failures="0" timestamp="28 Aug 2019 06:10:47 GMT" time="18.638" errors="0">
  <testcase name="tc201" time="18.634" classname="tests.Module2"/>
  <testcase name="tc202" time="0.004" classname="tests.Module2"/>
</testsuite> <!-- tests.Module2 -->
