<?xml version="1.0" encoding="UTF-8"?>
<!-- Generated by org.testng.reporters.JUnitReportReporter -->
<testsuite hostname="DESKTOP-161DN0S" name="tests.Module1" tests="4" failures="0" timestamp="28 Aug 2019 06:10:47 GMT" time="37.821" errors="0">
  <testcase name="tc101" time="37.809" classname="tests.Module1"/>
  <testcase name="tc103" time="0.008" classname="tests.Module1"/>
  <testcase name="tc102" time="0.002" classname="tests.Module1"/>
  <testcase name="tc104" time="0.002" classname="tests.Module1"/>
</testsuite> <!-- tests.Module1 -->
