<?xml version="1.0" encoding="UTF-8"?>
<!-- Generated by org.testng.reporters.JUnitReportReporter -->
<testsuite skipped="0" hostname="LAPTOP-RJ6NAOK1" name="tests.Module3" tests="3" failures="0" timestamp="06 Apr 2019 06:34:01 GMT" time="0.005" errors="0">
  <testcase name="tc302" time="0.001" classname="tests.Module3"/>
  <testcase name="tc301" time="0.003" classname="tests.Module3"/>
  <testcase name="tc303" time="0.001" classname="tests.Module3"/>
</testsuite> <!-- tests.Module3 -->
