<?xml version="1.0" encoding="UTF-8"?>
<!-- Generated by org.testng.reporters.JUnitReportReporter -->
<testsuite skipped="0" hostname="LAPTOP-RJ6NAOK1" name="tests.Module1" tests="4" failures="0" timestamp="06 Apr 2019 06:34:01 GMT" time="25.839" errors="0">
  <testcase name="tc101" time="25.839" classname="tests.Module1"/>
  <testcase name="tc102" time="0.000" classname="tests.Module1"/>
  <testcase name="tc104" time="0.000" classname="tests.Module1"/>
  <testcase name="tc103" time="0.000" classname="tests.Module1"/>
</testsuite> <!-- tests.Module1 -->
