<?xml version="1.0" encoding="UTF-8"?>
<!-- Generated by org.testng.reporters.JUnitReportReporter -->
<testsuite skipped="0" hostname="LAPTOP-RJ6NAOK1" name="tests.Module2" tests="2" failures="0" timestamp="06 Apr 2019 06:34:01 GMT" time="17.290" errors="0">
  <testcase name="tc202" time="0.001" classname="tests.Module2"/>
  <testcase name="tc201" time="17.289" classname="tests.Module2"/>
</testsuite> <!-- tests.Module2 -->
